
2023-05-31 07:49:49,306: %UNICON-INFO: +++ cnc-4 logfile /home/cisco/cxta/device_logs/cnc-4-20230531T074949300.log +++

2023-05-31 07:49:49,307: %UNICON-INFO: +++ Unicon plugin linux (unicon.plugins.linux) +++

2023-05-31 07:49:49,319: %UNICON-INFO: +++ connection to spawn: ssh -l cw-admin 10.62.157.175, id: 140381087285744 +++

2023-05-31 07:49:49,321: %UNICON-INFO: connection to cnc-4
Warning: Permanently added '10.62.157.175' (ECDSA) to the list of known hosts.
(cw-admin@10.62.157.175) Password: 
Last login: Wed May 31 07:47:19 2023 from 10.209.208.72
Cisco Crosswork

  #####  ######  #######  #####   #####  #     # ####### ######  #    #
 #     # #     # #     # #     # #     # #  #  # #     # #     # #   #
 #       #     # #     # #       #       #  #  # #     # #     # #  #
 #       ######  #     #  #####   #####  #  #  # #     # ######  ###
 #       #   #   #     #       #       # #  #  # #     # #   #   #  #
 #     # #    #  #     # #     # #     # #  #  # #     # #    #  #   #
  #####  #     # #######  #####   #####   ## ##  ####### #     # #    #



Copyright (c) 2022 by Cisco Systems, Inc.
Version: release-4.4.0 (Build 250)
Built on: Oct-27-2022 08:49 AM UTC

cw-admin@10-62-157-180-hybrid:~$ 

2023-05-31 07:49:50,735: %UNICON-INFO: Learned hostname: 10-62-157-180-hybrid

cw-admin@10-62-157-180-hybrid:~$ 

2023-05-31 07:49:50,868: %UNICON-INFO: +++ initializing handle +++
