
2023-05-29 21:45:01,790: %UNICON-INFO: +++ cnc-4 logfile /home/cisco/cxta/device_logs/cnc-4-20230529T214501780.log +++

2023-05-29 21:45:01,792: %UNICON-INFO: +++ Unicon plugin linux (unicon.plugins.linux) +++

2023-05-29 21:45:01,802: %UNICON-INFO: +++ connection to spawn: ssh -l cw-admin 10.62.157.175, id: 140498027991200 +++

2023-05-29 21:45:01,804: %UNICON-INFO: connection to cnc-4
Warning: Permanently added '10.62.157.175' (ECDSA) to the list of known hosts.
(cw-admin@10.62.157.175) Password: 
Last login: Mon May 29 21:42:56 2023 from 10.209.208.72
Cisco Crosswork

  #####  ######  #######  #####   #####  #     # ####### ######  #    #
 #     # #     # #     # #     # #     # #  #  # #     # #     # #   #
 #       #     # #     # #       #       #  #  # #     # #     # #  #
 #       ######  #     #  #####   #####  #  #  # #     # ######  ###
 #       #   #   #     #       #       # #  #  # #     # #   #   #  #
 #     # #    #  #     # #     # #     # #  #  # #     # #    #  #   #
  #####  #     # #######  #####   #####   ## ##  ####### #     # #    #



Copyright (c) 2022 by Cisco Systems, Inc.
Version: release-4.4.0 (Build 250)
Built on: Oct-27-2022 08:49 AM UTC

cw-admin@10-62-157-180-hybrid:~$ 

2023-05-29 21:45:02,940: %UNICON-INFO: Learned hostname: 10-62-157-180-hybrid

cw-admin@10-62-157-180-hybrid:~$ 

2023-05-29 21:45:03,037: %UNICON-INFO: +++ initializing handle +++

2023-05-29 21:45:03,917: %UNICON-INFO: +++ 10-62-157-180-hybrid with via 'cli': executing command 'sudo pwd' +++
sudo pwd
[sudo] password for cw-admin: 
