
2023-05-29 21:10:41,809: %UNICON-INFO: +++ cnc-4 logfile /home/cisco/cxta/device_logs/cnc-4-20230529T211041800.log +++

2023-05-29 21:10:41,811: %UNICON-INFO: +++ Unicon plugin linux (unicon.plugins.linux) +++

2023-05-29 21:10:41,821: %UNICON-INFO: +++ connection to spawn: ssh -l cw-admin 10.62.157.175, id: 139886113769024 +++

2023-05-29 21:10:41,824: %UNICON-INFO: connection to cnc-4
Warning: Permanently added '10.62.157.175' (ECDSA) to the list of known hosts.
(cw-admin@10.62.157.175) Password: 
Last login: Mon May 29 21:09:30 2023 from 10.209.208.72
Cisco Crosswork

  #####  ######  #######  #####   #####  #     # ####### ######  #    #
 #     # #     # #     # #     # #     # #  #  # #     # #     # #   #
 #       #     # #     # #       #       #  #  # #     # #     # #  #
 #       ######  #     #  #####   #####  #  #  # #     # ######  ###
 #       #   #   #     #       #       # #  #  # #     # #   #   #  #
 #     # #    #  #     # #     # #     # #  #  # #     # #    #  #   #
  #####  #     # #######  #####   #####   ## ##  ####### #     # #    #



Copyright (c) 2022 by Cisco Systems, Inc.
Version: release-4.4.0 (Build 250)
Built on: Oct-27-2022 08:49 AM UTC

cw-admin@10-62-157-180-hybrid:~$ 

2023-05-29 21:10:42,987: %UNICON-INFO: Learned hostname: 10-62-157-180-hybrid

cw-admin@10-62-157-180-hybrid:~$ 

2023-05-29 21:10:43,081: %UNICON-INFO: +++ initializing handle +++

2023-05-29 21:10:43,945: %UNICON-INFO: +++ 10-62-157-180-hybrid with via 'cli': executing command 'ls' +++
ls
controller.pem
cw-admin@10-62-157-180-hybrid:~$ 
