
2023-05-29 13:24:07,790: %UNICON-INFO: +++ nso-576 logfile /home/cisco/cxta/device_logs/nso-576-20230529T132407783.log +++

2023-05-29 13:24:07,791: %UNICON-INFO: +++ Unicon plugin nso (unicon.plugins.nso) +++
Warning: Permanently added '[10.62.157.181]:2024' (ED25519) to the list of known hosts.


2023-05-29 13:24:08,604: %UNICON-INFO: +++ connection to spawn: ssh -l cloud-user 10.62.157.181 -p 2024, id: 140249532450128 +++

2023-05-29 13:24:08,606: %UNICON-INFO: connection to nso-576
cloud-user@10.62.157.181's password: 

User cloud-user last logged in 2023-05-29T13:20:55.130872+00:00, to nso-576, from 10.61.91.4 using cli-ssh
cloud-user connected from 10.61.91.4 using ssh on nso-576
[?7hcloud-user@ncs# 

2023-05-29 13:24:10,037: %UNICON-INFO: +++ initializing handle +++

2023-05-29 13:24:10,221: %UNICON-INFO: +++ nso-576 with via 'cli': executing command 'screen-length 0' +++
screen-length 0
cloud-user@ncs# 

2023-05-29 13:24:10,475: %UNICON-INFO: +++ nso-576 with via 'cli': executing command 'screen-width 0' +++
screen-width 0
cloud-user@ncs# 

2023-05-29 13:24:10,912: %UNICON-INFO: +++ nso-576 with via 'cli': executing command 'idle-timeout 0' +++
idle-timeout 0
cloud-user@ncs# 

2023-05-29 13:24:11,218: %UNICON-INFO: +++ nso-576 logfile /home/cisco/cxta/device_logs/nso-576-20230529T132407783.log +++

2023-05-29 13:24:11,220: %UNICON-INFO: +++ Unicon plugin nso (unicon.plugins.nso) +++
Warning: Permanently added '[10.62.157.181]:2024' (ED25519) to the list of known hosts.


2023-05-29 13:24:11,926: %UNICON-INFO: +++ connection to spawn: ssh -l cloud-user 10.62.157.181 -p 2024, id: 140249531694576 +++

2023-05-29 13:24:11,929: %UNICON-INFO: connection to nso-576
cloud-user@10.62.157.181's password: 

User cloud-user last logged in 2023-05-29T13:21:48.986617+00:00, to nso-576, from 10.61.91.4 using cli-ssh
cloud-user connected from 10.61.91.4 using ssh on nso-576
[?7hcloud-user@ncs# 

2023-05-29 13:24:12,796: %UNICON-INFO: +++ initializing handle +++

2023-05-29 13:24:12,862: %UNICON-INFO: +++ nso-576 with via 'cli' and alias '__cx_internal__': executing command 'screen-length 0' +++
screen-length 0
cloud-user@ncs# 

2023-05-29 13:24:13,256: %UNICON-INFO: +++ nso-576 with via 'cli' and alias '__cx_internal__': executing command 'screen-width 0' +++
screen-width 0
cloud-user@ncs# 

2023-05-29 13:24:13,424: %UNICON-INFO: +++ nso-576 with via 'cli' and alias '__cx_internal__': executing command 'idle-timeout 0' +++
idle-timeout 0
cloud-user@ncs# 

2023-05-29 13:24:13,617: %UNICON-INFO: +++ nso-576 with via 'cli' and alias '__cx_internal__': cli_style +++
switch cli
[ok][2023-05-29 13:21:52]
cloud-user@ncs> 

2023-05-29 13:24:13,907: %UNICON-INFO: +++ nso-576 with via 'cli' and alias '__cx_internal__': executing command 'show commit list | nomore' +++
show commit list | nomore
2023-05-29 13:21:53
SNo.  ID       User       Client      Time Stamp          Label       Comment
~~~~  ~~       ~~~~       ~~~~~~      ~~~~~~~~~~          ~~~~~       ~~~~~~~
11386 11386    ncsadmin   rest        2023-05-29 13:21:05             
11385 11385    cloud-user cli         2023-05-29 13:18:08             
11384 11384    ncsadmin   rest        2023-05-29 13:17:58             
11383 11383    ncsadmin   rest        2023-05-29 13:15:09             
11382 11382    ncsadmin   rest        2023-05-29 13:15:08             
11381 11381    ncsadmin   rest        2023-05-29 11:59:40             
11380 11380    ncsadmin   rest        2023-05-29 11:57:24             
11379 11379    ncsadmin   rest        2023-05-29 11:56:01             
11378 11378    ncsadmin   rest        2023-05-29 11:54:20             
11377 11377    ncsadmin   rest        2023-05-29 11:50:46             
11376 11376    ncsadmin   rest        2023-05-29 11:00:03             
11375 11375    ncsadmin   rest        2023-05-29 10:45:06             
11374 11374    ncsadmin   rest        2023-05-29 10:45:06             
11373 11373    ncsadmin   rest        2023-05-29 10:38:18             
11372 11372    ncsadmin   rest        2023-05-29 08:52:48             
11371 11371    cloud-user cli         2023-05-29 08:48:59             
11370 11370    ncsadmin   rest        2023-05-29 08:47:06             
11369 11369    cloud-user cli         2023-05-29 08:46:07             
11368 11368    cloud-user cli         2023-05-29 08:44:46             
11367 11367    cloud-user cli         2023-05-29 08:42:55             
11366 11366    cloud-user webui       2023-05-29 08:41:48             
11365 11365    cloud-user cli         2023-05-29 08:38:14             
11364 11364    cloud-user webui       2023-05-29 08:36:56             
11363 11363    cloud-user cli         2023-05-29 08:29:08             
11362 11362    ncsadmin   rest        2023-05-29 08:22:37             
11361 11361    ncsadmin   rest        2023-05-29 08:17:44             
11360 11360    cloud-user webui       2023-05-29 08:16:28             
11359 11359    ncsadmin   rest        2023-05-29 07:25:04             
11358 11358    ncsadmin   rest        2023-05-29 07:25:03             
11357 11357    ncsadmin   rest        2023-05-28 20:15:38             
11356 11356    cloud-user cli         2023-05-28 20:13:56             
11355 11355    ncsadmin   rest        2023-05-28 20:13:48             
11354 11354    cloud-user cli         2023-05-28 20:06:17             
11353 11353    ncsadmin   rest        2023-05-28 20:06:10             
11352 11352    ncsadmin   rest        2023-05-28 20:04:50             
11351 11351    ncsadmin   rest        2023-05-28 20:02:58             
11350 11350    ncsadmin   rest        2023-05-28 20:02:18             
11349 11349    ncsadmin   rest        2023-05-28 19:55:52             
11348 11348    cloud-user webui       2023-05-28 19:43:49             
11347 11347    ncsadmin   rest        2023-05-28 19:25:04             
11346 11346    ncsadmin   rest        2023-05-28 19:25:04             
11345 11345    ncsadmin   rest        2023-05-28 19:16:57             
11344 11344    ncsadmin   rest        2023-05-28 19:16:11             
11343 11343    ncsadmin   rest        2023-05-28 19:15:20             
11342 11342    cloud-user cli         2023-05-28 19:09:21             
11341 11341    cloud-user cli         2023-05-28 19:07:57             
11340 11340    ncsadmin   rest        2023-05-28 19:06:13             
11339 11339    ncsadmin   rest        2023-05-28 19:06:12             
11338 11338    ncsadmin   rest        2023-05-28 19:05:11             
11337 11337    ncsadmin   rest        2023-05-28 19:05:11             
11336 11336    ncsadmin   rest        2023-05-28 16:55:04             
11335 11335    ncsadmin   rest        2023-05-28 16:55:04             
11334 11334    ncsadmin   rest        2023-05-28 16:29:58             
11333 11333    ncsadmin   rest        2023-05-28 16:29:58             
11332 11332    ncsadmin   rest        2023-05-28 16:15:22             
11331 11331    ncsadmin   rest        2023-05-28 16:15:22             
11330 11330    ncsadmin   rest        2023-05-28 11:44:59             
11329 11329    ncsadmin   rest        2023-05-28 11:44:58             
11328 11328    ncsadmin   rest        2023-05-28 10:25:07             
11327 11327    ncsadmin   rest        2023-05-28 10:25:07             
11326 11326    cloud-user cli         2023-05-28 10:22:57             
11325 11325    cloud-user cli         2023-05-28 10:22:10             
11324 11324    ncsadmin   rest        2023-05-28 03:59:57             
11323 11323    ncsadmin   rest        2023-05-28 03:59:57             
11322 11322    ncsadmin   rest        2023-05-28 03:45:22             
11321 11321    ncsadmin   rest        2023-05-28 03:45:22             
11320 11320    ncsadmin   rest        2023-05-28 01:14:55             
11319 11319    ncsadmin   rest        2023-05-28 01:14:55             
11318 11318    ncsadmin   rest        2023-05-27 23:45:23             
11317 11317    ncsadmin   rest        2023-05-27 23:45:23             
11316 11316    ncsadmin   rest        2023-05-27 17:41:33             
11315 11315    ncsadmin   rest        2023-05-27 17:41:33             
11314 11314    ncsadmin   rest        2023-05-27 15:08:11             
11313 11313    ncsadmin   rest        2023-05-27 15:08:11             
11312 11312    ncsadmin   rest        2023-05-27 11:55:08             
11311 11311    ncsadmin   rest        2023-05-27 11:55:08             
11310 11310    ncsadmin   rest        2023-05-27 10:55:07             
11309 11309    ncsadmin   rest        2023-05-27 10:55:07             
11308 11308    ncsadmin   rest        2023-05-27 04:44:57             
11307 11307    ncsadmin   rest        2023-05-27 04:44:57             
11306 11306    ncsadmin   rest        2023-05-26 21:45:32             
11305 11305    ncsadmin   rest        2023-05-26 21:45:31             
11304 11304    cloud-user cli         2023-05-26 21:04:36             
11303 11303    cloud-user cli         2023-05-26 21:03:43             
11302 11302    cloud-user cli         2023-05-26 21:02:51             
11301 11301    cloud-user cli         2023-05-26 21:02:19             
11300 11300    cloud-user cli         2023-05-26 21:00:37             
11299 11299    cloud-user cli         2023-05-26 20:59:20             
11298 11298    cloud-user cli         2023-05-26 20:57:22             
11297 11297    ncsadmin   rest        2023-05-26 10:02:38             
11296 11296    ncsadmin   rest        2023-05-26 10:02:37             
11295 11295    ncsadmin   rest        2023-05-26 04:57:29             
11294 11294    ncsadmin   rest        2023-05-26 04:57:28             
11293 11293    ncsadmin   rest        2023-05-26 01:33:56             
11292 11292    ncsadmin   rest        2023-05-26 01:33:56             
11291 11291    ncsadmin   rest        2023-05-25 15:25:08             
11290 11290    ncsadmin   rest        2023-05-25 15:25:08             
11289 11289    ncsadmin   rest        2023-05-25 15:05:13             
11288 11288    ncsadmin   rest        2023-05-25 15:05:12             
11287 11287    ncsadmin   rest        2023-05-25 14:55:12             
11286 11286    ncsadmin   rest        2023-05-25 14:55:12             
11285 11285    ncsadmin   rest        2023-05-25 13:55:11             
11284 11284    ncsadmin   rest        2023-05-25 13:55:11             
11283 11283    cloud-user cli         2023-05-25 13:27:39             
11282 11282    cloud-user cli         2023-05-25 13:27:05             
11281 11281    ncsadmin   rest        2023-05-25 08:25:11             
11280 11280    ncsadmin   rest        2023-05-25 08:25:11             
11279 11279    ncsadmin   rest        2023-05-24 14:25:13             
11278 11278    ncsadmin   rest        2023-05-24 14:25:13             
11277 11277    ncsadmin   rest        2023-05-24 14:21:31             
11276 11276    ncsadmin   rest        2023-05-24 14:21:09             
11275 11275    ncsadmin   rest        2023-05-24 12:46:17             
11274 11274    ncsadmin   rest        2023-05-24 12:46:08             
11273 11273    ncsadmin   rest        2023-05-24 11:55:33             
11272 11272    ncsadmin   rest        2023-05-24 11:44:11             
11271 11271    ncsadmin   rest        2023-05-24 11:44:02             
11270 11270    ncsadmin   rest        2023-05-24 10:56:55             
11269 11269    ncsadmin   rest        2023-05-24 10:54:18             
11268 11268    ncsadmin   rest        2023-05-24 10:51:45             
11267 11267    ncsadmin   rest        2023-05-24 10:48:15             
11266 11266    ncsadmin   rest        2023-05-24 10:48:09             
11265 11265    ncsadmin   rest        2023-05-24 10:47:44             
11264 11264    ncsadmin   rest        2023-05-24 08:30:03             
11263 11263    ncsadmin   rest        2023-05-24 08:30:03             
11262 11262    ncsadmin   rest        2023-05-24 08:16:13             
11261 11261    ncsadmin   rest        2023-05-24 08:16:12             
11260 11260    ncsadmin   rest        2023-05-24 04:45:15             
11259 11259    ncsadmin   rest        2023-05-24 04:45:15             
11258 11258    ncsadmin   rest        2023-05-24 03:10:03             
11257 11257    ncsadmin   rest        2023-05-24 03:10:03             
11256 11256    ncsadmin   rest        2023-05-20 20:16:11             
11255 11255    ncsadmin   rest        2023-05-20 20:16:11             
11254 11254    ncsadmin   rest        2023-05-20 13:23:28             
11253 11253    ncsadmin   rest        2023-05-20 13:23:28             
11252 11252    ncsadmin   rest        2023-05-20 09:55:21             
11251 11251    ncsadmin   rest        2023-05-20 09:55:20             
11250 11250    ncsadmin   rest        2023-05-20 04:55:22             
11249 11249    ncsadmin   rest        2023-05-20 04:55:21             
11248 11248    ncsadmin   rest        2023-05-19 12:25:19             
11247 11247    ncsadmin   rest        2023-05-19 12:25:19             
11246 11246    ncsadmin   rest        2023-05-19 11:25:23             
11245 11245    ncsadmin   rest        2023-05-19 11:25:23             
11244 11244    ncsadmin   rest        2023-05-19 11:15:43             
11243 11243    ncsadmin   rest        2023-05-19 11:15:43             
11242 11242    ncsadmin   rest        2023-05-19 11:15:22             
11241 11241    ncsadmin   rest        2023-05-19 11:15:22             
11240 11240    ncsadmin   rest        2023-05-19 11:14:47             
11239 11239    ncsadmin   rest        2023-05-19 11:14:47             
11238 11238    ncsadmin   rest        2023-05-19 11:14:17             
11237 11237    ncsadmin   rest        2023-05-19 11:14:17             
11236 11236    ncsadmin   rest        2023-05-19 11:12:56             
11235 11235    ncsadmin   rest        2023-05-19 11:12:56             
11234 11234    ncsadmin   rest        2023-05-19 11:11:46             
11233 11233    ncsadmin   rest        2023-05-19 11:11:46             
11232 11232    ncsadmin   rest        2023-05-19 11:11:16             
11231 11231    ncsadmin   rest        2023-05-19 11:11:15             
11230 11230    ncsadmin   rest        2023-05-19 11:10:25             
11229 11229    ncsadmin   rest        2023-05-19 11:10:25             
11228 11228    ncsadmin   rest        2023-05-19 11:10:05             
11227 11227    ncsadmin   rest        2023-05-19 11:10:05             
11226 11226    ncsadmin   rest        2023-05-19 11:01:09             
11225 11225    ncsadmin   rest        2023-05-19 11:01:09             
11224 11224    ncsadmin   rest        2023-05-19 09:55:58             
11223 11223    ncsadmin   rest        2023-05-19 09:55:58             
11222 11222    ncsadmin   rest        2023-05-19 09:41:33             
11221 11221    ncsadmin   rest        2023-05-19 09:41:32             
11220 11220    ncsadmin   rest        2023-05-19 09:40:57             
11219 11219    ncsadmin   rest        2023-05-19 09:40:57             
11218 11218    ncsadmin   rest        2023-05-19 09:38:42             
11217 11217    ncsadmin   rest        2023-05-19 09:38:42             
11216 11216    ncsadmin   rest        2023-05-19 09:37:01             
11215 11215    ncsadmin   rest        2023-05-19 09:37:01             
11214 11214    ncsadmin   rest        2023-05-19 09:36:06             
11213 11213    ncsadmin   rest        2023-05-19 09:36:06             
11212 11212    ncsadmin   rest        2023-05-19 09:34:51             
11211 11211    ncsadmin   rest        2023-05-19 09:34:51             
11210 11210    ncsadmin   rest        2023-05-19 09:32:55             
11209 11209    ncsadmin   rest        2023-05-19 09:32:55             
11208 11208    ncsadmin   rest        2023-05-19 09:29:55             
11207 11207    ncsadmin   rest        2023-05-19 09:29:55             
11206 11206    ncsadmin   rest        2023-05-19 09:27:09             
11205 11205    ncsadmin   rest        2023-05-19 09:27:09             
11204 11204    ncsadmin   rest        2023-05-19 09:25:59             
11203 11203    ncsadmin   rest        2023-05-19 09:25:59             
11202 11202    ncsadmin   rest        2023-05-19 09:24:49             
11201 11201    ncsadmin   rest        2023-05-19 09:24:49             
11200 11200    ncsadmin   rest        2023-05-19 09:24:28             
11199 11199    ncsadmin   rest        2023-05-19 09:24:28             
11198 11198    ncsadmin   rest        2023-05-19 09:24:03             
11197 11197    ncsadmin   rest        2023-05-19 09:24:03             
11196 11196    ncsadmin   rest        2023-05-19 09:05:42             
11195 11195    ncsadmin   rest        2023-05-19 08:59:16             
11194 11194    ncsadmin   rest        2023-05-19 08:59:09             
11193 11193    ncsadmin   rest        2023-05-19 01:40:12             
11192 11192    ncsadmin   rest        2023-05-19 01:40:12             
11191 11191    ncsadmin   webui       2023-05-18 20:43:27             
11190 11190    ncsadmin   rest        2023-05-18 20:21:03             
11189 11189    ncsadmin   rest        2023-05-18 20:21:03             
11188 11188    ncsadmin   rest        2023-05-18 19:47:22             
11187 11187    ncsadmin   rest        2023-05-18 19:47:22             
11186 11186    ncsadmin   rest        2023-05-18 19:46:57             
11185 11185    ncsadmin   rest        2023-05-18 19:46:57             
11184 11184    ncsadmin   rest        2023-05-18 19:46:37             
11183 11183    ncsadmin   rest        2023-05-18 19:46:37             
11182 11182    ncsadmin   rest        2023-05-18 19:44:06             
11181 11181    ncsadmin   rest        2023-05-18 19:44:06             
11180 11180    ncsadmin   rest        2023-05-18 19:39:41             
11179 11179    ncsadmin   rest        2023-05-18 19:39:41             
11178 11178    ncsadmin   rest        2023-05-18 17:47:49             
11177 11177    ncsadmin   rest        2023-05-18 17:47:49             
11176 11176    ncsadmin   rest        2023-05-18 17:46:54             
11175 11175    ncsadmin   rest        2023-05-18 17:46:54             
11174 11174    cloud-user cli         2023-05-18 17:29:18             
11173 11173    cloud-user cli         2023-05-18 17:19:29             
11172 11172    cloud-user cli         2023-05-18 17:15:10             
11171 11171    cloud-user cli         2023-05-18 17:07:50             
11170 11170    cloud-user cli         2023-05-18 17:06:17             
11169 11169    cloud-user cli         2023-05-18 08:53:32             
11168 11168    cloud-user cli         2023-05-18 08:49:24             
11167 11167    cloud-user cli         2023-05-18 07:55:13             
11166 11166    cloud-user cli         2023-05-18 07:55:07             
11165 11165    ncsadmin   webui       2023-05-18 07:40:56             
11164 11164    ncsadmin   webui       2023-05-18 07:20:02             
11163 11163    ncsadmin   webui       2023-05-18 07:19:20             
11162 11162    ncsadmin   rest        2023-05-18 06:34:51             
11161 11161    ncsadmin   rest        2023-05-17 15:29:23             
11160 11160    cloud-user cli         2023-05-17 15:20:26             
11159 11159    cloud-user cli         2023-05-17 15:09:22             
11158 11158    cloud-user cli         2023-05-17 15:07:45             
11157 11157    cloud-user cli         2023-05-17 15:03:57             
11156 11156    cloud-user cli         2023-05-17 15:01:24             
11155 11155    cloud-user cli         2023-05-17 14:58:26             
11154 11154    cloud-user cli         2023-05-17 14:57:08             
11153 11153    cloud-user cli         2023-05-17 14:55:28             
11152 11152    ncsadmin   webui       2023-05-17 14:38:12             
11151 11151    cloud-user cli         2023-05-17 14:37:43             
11150 11150    ncsadmin   rest        2023-05-17 07:10:30             
11149 11149    ncsadmin   rest        2023-05-17 07:10:22             
11148 11148    cloud-user cli         2023-05-17 06:31:28             
11147 11147    ncsadmin   rest        2023-05-16 19:45:54             
11146 11146    ncsadmin   rest        2023-05-16 19:44:23             
11145 11145    ncsadmin   rest        2023-05-16 19:43:57             
11144 11144    ncsadmin   rest        2023-05-16 19:40:43             
11143 11143    ncsadmin   rest        2023-05-16 19:40:42             
11142 11142    ncsadmin   rest        2023-05-16 19:40:17             
11141 11141    ncsadmin   rest        2023-05-16 19:40:17             
11140 11140    ncsadmin   rest        2023-05-16 19:39:02             
11139 11139    ncsadmin   rest        2023-05-16 19:39:02             
11138 11138    ncsadmin   rest        2023-05-16 19:38:32             
11137 11137    ncsadmin   rest        2023-05-16 19:38:31             
11136 11136    ncsadmin   rest        2023-05-16 19:30:00             
11135 11135    ncsadmin   rest        2023-05-16 18:25:30             
11134 11134    ncsadmin   rest        2023-05-16 18:25:30             
11133 11133    cloud-user cli         2023-05-16 18:24:50             
11132 11132    ncsadmin   rest        2023-05-16 18:22:00             
11131 11131    ncsadmin   rest        2023-05-16 18:22:00             
11130 11130    ncsadmin   rest        2023-05-16 18:21:39             
11129 11129    ncsadmin   rest        2023-05-16 18:21:39             
11128 11128    ncsadmin   rest        2023-05-16 18:17:14             
11127 11127    ncsadmin   rest        2023-05-16 18:17:14             
11126 11126    ncsadmin   rest        2023-05-16 18:15:29             
11125 11125    ncsadmin   rest        2023-05-16 18:15:29             
11124 11124    ncsadmin   rest        2023-05-16 18:14:23             
11123 11123    ncsadmin   rest        2023-05-16 18:14:23             
11122 11122    ncsadmin   rest        2023-05-16 16:07:06             
11121 11121    ncsadmin   rest        2023-05-16 13:06:09             
11120 11120    ncsadmin   rest        2023-05-16 13:02:34             
11119 11119    ncsadmin   rest        2023-05-16 12:56:27             
11118 11118    ncsadmin   rest        2023-05-16 12:45:12             
11117 11117    ncsadmin   rest        2023-05-16 12:10:48             
11116 11116    ncsadmin   rest        2023-05-16 09:31:36             
11115 11115    ncsadmin   rest        2023-05-16 09:31:36             
11114 11114    ncsadmin   rest        2023-05-16 09:30:41             
11113 11113    ncsadmin   rest        2023-05-16 09:30:41             
11112 11112    ncsadmin   rest        2023-05-16 09:30:01             
11111 11111    ncsadmin   rest        2023-05-16 09:30:01             
11110 11110    ncsadmin   rest        2023-05-16 09:29:10             
11109 11109    ncsadmin   rest        2023-05-16 09:29:10             
11108 11108    ncsadmin   rest        2023-05-16 09:27:35             
11107 11107    ncsadmin   rest        2023-05-16 09:27:35             
11106 11106    ncsadmin   rest        2023-05-16 09:26:54             
11105 11105    ncsadmin   rest        2023-05-16 09:26:54             
11104 11104    ncsadmin   rest        2023-05-16 09:25:14             
11103 11103    ncsadmin   rest        2023-05-16 09:25:14             
11102 11102    ncsadmin   rest        2023-05-16 09:24:03             
11101 11101    ncsadmin   rest        2023-05-16 09:24:03             
11100 11100    ncsadmin   rest        2023-05-16 09:23:28             
11099 11099    ncsadmin   rest        2023-05-16 09:23:28             
11098 11098    ncsadmin   rest        2023-05-16 09:22:33             
11097 11097    ncsadmin   rest        2023-05-16 09:22:33             
11096 11096    ncsadmin   rest        2023-05-16 09:21:52             
11095 11095    ncsadmin   rest        2023-05-16 09:21:52             
11094 11094    ncsadmin   rest        2023-05-16 09:20:57             
11093 11093    ncsadmin   rest        2023-05-16 09:20:57             
11092 11092    ncsadmin   rest        2023-05-16 09:20:27             
11091 11091    ncsadmin   rest        2023-05-16 09:20:26             
11090 11090    ncsadmin   rest        2023-05-16 09:18:41             
11089 11089    ncsadmin   rest        2023-05-16 09:18:41             
11088 11088    ncsadmin   rest        2023-05-16 09:18:11             
11087 11087    ncsadmin   rest        2023-05-16 09:18:11             
11086 11086    ncsadmin   rest        2023-05-16 09:17:25             
11085 11085    ncsadmin   rest        2023-05-16 09:17:25             
11084 11084    ncsadmin   rest        2023-05-16 09:16:50             
11083 11083    ncsadmin   rest        2023-05-16 09:16:50             
11082 11082    ncsadmin   rest        2023-05-16 09:15:55             
11081 11081    ncsadmin   rest        2023-05-16 09:15:54             
11080 11080    ncsadmin   rest        2023-05-16 07:16:18             
11079 11079    ncsadmin   rest        2023-05-16 07:16:17             
11078 11078    ncsadmin   rest        2023-05-16 07:15:52             
11077 11077    ncsadmin   rest        2023-05-16 07:15:52             
11076 11076    ncsadmin   rest        2023-05-16 07:15:27             
11075 11075    ncsadmin   rest        2023-05-16 07:15:27             
11074 11074    ncsadmin   rest        2023-05-16 07:15:01             
11073 11073    ncsadmin   rest        2023-05-16 07:15:01             
11072 11072    ncsadmin   rest        2023-05-16 07:14:36             
11071 11071    ncsadmin   rest        2023-05-16 07:14:36             
11070 11070    ncsadmin   rest        2023-05-16 07:14:16             
11069 11069    ncsadmin   rest        2023-05-16 07:14:16             
11068 11068    ncsadmin   rest        2023-05-16 06:57:50             
11067 11067    ncsadmin   rest        2023-05-16 06:57:50             
11066 11066    ncsadmin   rest        2023-05-16 06:50:34             
11065 11065    ncsadmin   rest        2023-05-16 06:50:34             
11064 11064    ncsadmin   rest        2023-05-16 06:49:59             
11063 11063    ncsadmin   rest        2023-05-16 06:49:59             
11062 11062    ncsadmin   rest        2023-05-16 06:47:54             
11061 11061    ncsadmin   rest        2023-05-16 06:47:54             
11060 11060    ncsadmin   rest        2023-05-16 06:22:38             
11059 11059    ncsadmin   rest        2023-05-16 06:22:38             
11058 11058    ncsadmin   rest        2023-05-16 05:53:57             
11057 11057    ncsadmin   rest        2023-05-16 05:53:57             
11056 11056    ncsadmin   rest        2023-05-15 20:57:01             
11055 11055    ncsadmin   rest        2023-05-15 20:57:01             
11054 11054    ncsadmin   rest        2023-05-15 20:55:00             
11053 11053    ncsadmin   rest        2023-05-15 20:55:00             
11052 11052    ncsadmin   rest        2023-05-15 20:54:15             
11051 11051    ncsadmin   rest        2023-05-15 20:54:15             
11050 11050    ncsadmin   rest        2023-05-15 20:48:28             
11049 11049    ncsadmin   rest        2023-05-15 20:44:28             
11048 11048    ncsadmin   rest        2023-05-15 18:56:34             
11047 11047    ncsadmin   rest        2023-05-15 18:53:25             
11046 11046    ncsadmin   rest        2023-05-15 18:53:14             
11045 11045    ncsadmin   rest        2023-05-15 17:43:15             
11044 11044    ncsadmin   rest        2023-05-15 17:42:04             
11043 11043    ncsadmin   rest        2023-05-15 17:41:54             
11042 11042    ncsadmin   rest        2023-05-15 14:53:10             
11041 11041    ncsadmin   rest        2023-05-15 14:53:10             
11040 11040    ncsadmin   rest        2023-05-15 06:53:09             
11039 11039    ncsadmin   rest        2023-05-15 06:53:09             
11038 11038    ncsadmin   rest        2023-05-14 19:23:11             
11037 11037    ncsadmin   rest        2023-05-14 19:23:11             
11036 11036    ncsadmin   rest        2023-05-14 18:53:10             
11035 11035    ncsadmin   rest        2023-05-14 18:53:10             
11034 11034    ncsadmin   rest        2023-05-14 16:22:43             
11033 11033    ncsadmin   rest        2023-05-14 16:22:43             
11032 11032    ncsadmin   rest        2023-05-14 16:08:13             
11031 11031    ncsadmin   rest        2023-05-14 16:08:13             
11030 11030    ncsadmin   rest        2023-05-14 14:53:02             
11029 11029    ncsadmin   rest        2023-05-14 14:53:02             
11028 11028    ncsadmin   webui       2023-05-14 13:33:04             
11027 11027    ncsadmin   webui       2023-05-14 13:29:51             
11026 11026    ncsadmin   webui       2023-05-14 13:01:57             
11025 11025    ncsadmin   webui       2023-05-14 12:57:49             
11024 11024    ncsadmin   webui       2023-05-14 12:57:48             
11023 11023    ncsadmin   webui       2023-05-14 12:57:48             
11022 11022    ncsadmin   webui       2023-05-14 12:57:48             
11021 11021    ncsadmin   webui       2023-05-14 12:57:48             
11020 11020    ncsadmin   webui       2023-05-14 12:57:48             
11019 11019    ncsadmin   webui       2023-05-14 12:57:48             
11018 11018    ncsadmin   webui       2023-05-14 12:57:47             
11017 11017    ncsadmin   webui       2023-05-14 12:57:47             
11016 11016    ncsadmin   webui       2023-05-14 12:57:47             
11015 11015    ncsadmin   webui       2023-05-14 12:57:47             
11014 11014    ncsadmin   webui       2023-05-14 12:57:46             
11013 11013    ncsadmin   webui       2023-05-14 12:57:46             
11012 11012    ncsadmin   webui       2023-05-14 12:57:46             
11011 11011    ncsadmin   webui       2023-05-14 12:57:45             
11010 11010    ncsadmin   webui       2023-05-14 12:57:45             
11009 11009    ncsadmin   webui       2023-05-14 12:57:45             
11008 11008    ncsadmin   webui       2023-05-14 12:57:44             
11007 11007    ncsadmin   webui       2023-05-14 12:57:44             
11006 11006    ncsadmin   webui       2023-05-14 12:57:43             
11005 11005    ncsadmin   webui       2023-05-14 12:57:42             
11004 11004               system      2023-05-14 12:56:05             
11003 11003    ncsadmin   webui       2023-05-14 12:56:05             
11002 11002    ncsadmin   webui       2023-05-14 12:39:33             
11001 11001    cloud-user cli         2023-05-14 12:37:49             
11000 11000    ncsadmin   webui       2023-05-14 12:36:25             
10999 10999    ncsadmin   webui       2023-05-14 12:27:33             
10998 10998    cloud-user cli         2023-05-14 12:11:59             
10997 10997    ncsadmin   webui       2023-05-14 12:09:16             
10996 10996    ncsadmin   webui       2023-05-14 12:00:22             
10995 10995    cloud-user cli         2023-05-14 11:57:14             
10994 10994    cloud-user cli         2023-05-14 11:57:09             
10993 10993    ncsadmin   rest        2023-05-14 11:53:10             
10992 10992    ncsadmin   rest        2023-05-14 11:53:10             
10991 10991    ncsadmin   rest        2023-05-14 11:38:14             
10990 10990    ncsadmin   rest        2023-05-14 11:38:14             
10989 10989    ncsadmin   rest        2023-05-14 11:24:14             
10988 10988    ncsadmin   rest        2023-05-14 11:24:14             
10987 10987    ncsadmin   rest        2023-05-14 10:38:54             
10986 10986    ncsadmin   rest        2023-05-14 10:38:08             
10985 10985    cloud-user cli         2023-05-14 10:37:08             
10984 10984    cloud-user cli         2023-05-14 10:37:04             
10983 10983    ncsadmin   rest        2023-05-14 10:22:27             
10982 10982    ncsadmin   rest        2023-05-14 10:18:53             
10981 10981    ncsadmin   rest        2023-05-14 10:18:52             
10980 10980    ncsadmin   rest        2023-05-14 10:18:32             
10979 10979    ncsadmin   rest        2023-05-14 10:18:32             
10978 10978    ncsadmin   rest        2023-05-14 10:18:12             
10977 10977    ncsadmin   rest        2023-05-14 10:18:12             
10976 10976    ncsadmin   rest        2023-05-14 09:39:39             
10975 10975    ncsadmin   rest        2023-05-14 09:39:01             
10974 10974    cloud-user cli         2023-05-14 09:21:41             
10973 10973    cloud-user cli         2023-05-14 09:21:38             
10972 10972    ncsadmin   webui       2023-05-14 09:20:16             
10971 10971    ncsadmin   webui       2023-05-14 09:07:57             
10970 10970    ncsadmin   rest        2023-05-14 08:23:10             
10969 10969    ncsadmin   rest        2023-05-14 08:23:10             
10968 10968    cloud-user cli         2023-05-14 08:15:09             
10967 10967    cloud-user cli         2023-05-14 08:09:58             
10966 10966    ncsadmin   rest        2023-05-14 08:06:33             
10965 10965    cloud-user cli         2023-05-14 08:00:46             
10964 10964    cloud-user cli         2023-05-14 08:00:43             
10963 10963    ncsadmin   rest        2023-05-14 07:59:20             
10962 10962    ncsadmin   rest        2023-05-14 07:59:20             
10961 10961    ncsadmin   rest        2023-05-14 07:51:24             
10960 10960    ncsadmin   rest        2023-05-14 07:51:24             
10959 10959    ncsadmin   rest        2023-05-14 07:49:29             
10958 10958    ncsadmin   rest        2023-05-14 07:49:29             
10957 10957    ncsadmin   rest        2023-05-14 07:48:58             
10956 10956    ncsadmin   rest        2023-05-14 07:48:58             
10955 10955    ncsadmin   rest        2023-05-14 07:47:38             
10954 10954    ncsadmin   rest        2023-05-14 07:47:38             
10953 10953    ncsadmin   rest        2023-05-14 07:45:13             
10952 10952    ncsadmin   rest        2023-05-14 07:45:13             
10951 10951    ncsadmin   rest        2023-05-14 07:38:55             
10950 10950    ncsadmin   rest        2023-05-14 07:37:47             
10949 10949    ncsadmin   rest        2023-05-14 07:37:47             
10948 10948    ncsadmin   rest        2023-05-14 07:35:34             
10947 10947    ncsadmin   rest        2023-05-14 07:35:34             
10946 10946    cloud-user cli         2023-05-14 07:32:02             
10945 10945    cloud-user cli         2023-05-14 07:32:02             
10944 10944    cloud-user cli         2023-05-14 07:32:02             
10943 10943    cloud-user cli         2023-05-14 07:32:01             
10942 10942    cloud-user cli         2023-05-14 07:31:12             
10941 10941    cloud-user cli         2023-05-14 07:31:12             
10940 10940    cloud-user cli         2023-05-14 07:31:10             
10939 10939    cloud-user cli         2023-05-14 07:31:10             
10938 10938    ncsadmin   rest        2023-05-14 06:39:46             
10937 10937    ncsadmin   rest        2023-05-14 06:39:46             
10936 10936    ncsadmin   rest        2023-05-14 06:26:16             
10935 10935    ncsadmin   rest        2023-05-14 06:26:15             
10934 10934    ncsadmin   rest        2023-05-14 06:20:00             
10933 10933    ncsadmin   rest        2023-05-14 06:20:00             
10932 10932    ncsadmin   rest        2023-05-14 06:09:20             
10931 10931    ncsadmin   rest        2023-05-14 06:09:20             
10930 10930    ncsadmin   rest        2023-05-14 05:39:49             
10929 10929    ncsadmin   rest        2023-05-14 05:39:49             
10928 10928    ncsadmin   rest        2023-05-14 05:29:43             
10927 10927    ncsadmin   rest        2023-05-14 05:29:43             
10926 10926    ncsadmin   rest        2023-05-14 05:09:48             
10925 10925    ncsadmin   rest        2023-05-14 05:09:48             
10924 10924    ncsadmin   rest        2023-05-14 05:00:02             
10923 10923    ncsadmin   rest        2023-05-14 05:00:02             
10922 10922    ncsadmin   rest        2023-05-14 04:39:47             
10921 10921    ncsadmin   rest        2023-05-14 04:39:47             
10920 10920    ncsadmin   rest        2023-05-14 04:30:06             
10919 10919    ncsadmin   rest        2023-05-14 04:30:06             
10918 10918    ncsadmin   rest        2023-05-14 04:19:51             
10917 10917    ncsadmin   rest        2023-05-14 04:19:51             
10916 10916    ncsadmin   rest        2023-05-14 03:25:15             
10915 10915    ncsadmin   rest        2023-05-14 03:25:15             
10914 10914    ncsadmin   rest        2023-05-14 03:19:44             
10913 10913    ncsadmin   rest        2023-05-14 03:19:44             
10912 10912    ncsadmin   rest        2023-05-14 01:40:18             
10911 10911    ncsadmin   rest        2023-05-14 01:40:18             
10910 10910    ncsadmin   rest        2023-05-14 01:39:53             
10909 10909    ncsadmin   rest        2023-05-14 01:39:53             
10908 10908    ncsadmin   rest        2023-05-14 01:29:47             
10907 10907    ncsadmin   rest        2023-05-14 01:29:47             
10906 10906    ncsadmin   rest        2023-05-14 01:27:37             
10905 10905    ncsadmin   rest        2023-05-14 01:27:37             
10904 10904    ncsadmin   rest        2023-05-14 01:19:52             
10903 10903    ncsadmin   rest        2023-05-14 01:19:51             
10902 10902    ncsadmin   rest        2023-05-14 01:09:46             
10901 10901    ncsadmin   rest        2023-05-14 01:09:46             
10900 10900    ncsadmin   rest        2023-05-14 01:00:01             
10899 10899    ncsadmin   rest        2023-05-14 01:00:00             
10898 10898    ncsadmin   rest        2023-05-14 00:57:25             
10897 10897    ncsadmin   rest        2023-05-14 00:57:25             
10896 10896    ncsadmin   rest        2023-05-14 00:49:50             
10895 10895    ncsadmin   rest        2023-05-14 00:49:50             
10894 10894    ncsadmin   rest        2023-05-14 00:30:04             
10893 10893    ncsadmin   rest        2023-05-14 00:30:04             
10892 10892    ncsadmin   rest        2023-05-13 23:39:48             
10891 10891    ncsadmin   rest        2023-05-13 23:39:48             
10890 10890    ncsadmin   rest        2023-05-13 23:30:13             
10889 10889    ncsadmin   rest        2023-05-13 23:30:13             
10888 10888    ncsadmin   rest        2023-05-13 23:09:47             
10887 10887    ncsadmin   rest        2023-05-13 23:09:47             
[ok][2023-05-29 13:21:53]
cloud-user@ncs> 

2023-05-29 13:24:28,315: %UNICON-INFO: +++ nso-576 with via 'cli' and alias '__cx_internal__': cli_style +++

System message at 2023-05-29 13:22:05...
Commit performed by ncsadmin via http using rest.
cloud-user@ncs> 

2023-05-29 13:24:28,428: %UNICON-INFO: +++ nso-576 with via 'cli' and alias '__cx_internal__': executing command 'show commit list | nomore' +++
