
2023-05-25 14:37:15,519: %UNICON-INFO: +++ sr-pce-1 logfile /home/cisco/cxta/device_logs/sr-pce-1-20230525T143715504.log +++

2023-05-25 14:37:15,521: %UNICON-INFO: +++ Unicon plugin generic (unicon.plugins.generic) +++
Warning: Permanently added '10.62.157.167' (ECDSA) to the list of known hosts.


2023-05-25 14:37:16,104: %UNICON-INFO: +++ connection to spawn: ssh -l admin 10.62.157.167, id: 139968794554320 +++

2023-05-25 14:37:16,107: %UNICON-INFO: connection to sr-pce-1
(admin@10.62.157.167) Password: 


RP/0/RP0/CPU0:sr-pce-1#

2023-05-25 14:37:17,159: %UNICON-INFO: +++ initializing handle +++

2023-05-25 14:37:17,503: %UNICON-INFO: +++ sr-pce-1 with via 'cli': executing command 'term length 0' +++
term length 0
Thu May 25 14:39:25.053 UTC
RP/0/RP0/CPU0:sr-pce-1#

2023-05-25 14:37:18,151: %UNICON-INFO: +++ sr-pce-1 with via 'cli': executing command 'term width 0' +++
term width 0
Thu May 25 14:39:25.628 UTC
RP/0/RP0/CPU0:sr-pce-1#

2023-05-25 14:37:18,719: %UNICON-INFO: +++ sr-pce-1 with via 'cli': executing command 'show version' +++
show version
Thu May 25 14:39:26.209 UTC
Cisco IOS XR Software, Version 7.7.1
Copyright (c) 2013-2022 by Cisco Systems, Inc.

Build Information:
 Built By     : ingunawa
 Built On     : Mon Jul 25 02:41:45 PDT 2022
 Built Host   : iox-ucs-067
 Workspace    : /auto/srcarchive12/prod/7.7.1/xrv9k/ws
 Version      : 7.7.1
 Location     : /opt/cisco/XR/packages/
 Label        : 7.7.1-0

cisco IOS-XRv 9000 () processor
System uptime is 15 weeks 3 days 3 hours 38 minutes

RP/0/RP0/CPU0:sr-pce-1#

2023-05-25 14:37:19,904: %UNICON-INFO: +++ sr-pce-1 with via 'cli': executing command 'show pce ipv4 peer upe-1' +++
show pce ipv4 peer upe-1
                                          ^
% Invalid input detected at '^' marker.
RP/0/RP0/CPU0:sr-pce-1#
