
2023-05-26 10:11:55,449: %UNICON-INFO: +++ sr-pce-1 logfile /home/cisco/cxta/device_logs/sr-pce-1-20230526T101155425.log +++

2023-05-26 10:11:55,450: %UNICON-INFO: +++ Unicon plugin generic (unicon.plugins.generic) +++
Warning: Permanently added '10.62.157.167' (ECDSA) to the list of known hosts.


2023-05-26 10:11:56,301: %UNICON-INFO: +++ connection to spawn: ssh -l admin 10.62.157.167, id: 139722194439952 +++

2023-05-26 10:11:56,304: %UNICON-INFO: connection to sr-pce-1
(admin@10.62.157.167) Password: 


RP/0/RP0/CPU0:sr-pce-1#

2023-05-26 10:11:57,608: %UNICON-INFO: +++ initializing handle +++

2023-05-26 10:11:57,935: %UNICON-INFO: +++ sr-pce-1 with via 'cli': executing command 'term length 0' +++
term length 0
Fri May 26 10:14:06.172 UTC
RP/0/RP0/CPU0:sr-pce-1#

2023-05-26 10:11:58,561: %UNICON-INFO: +++ sr-pce-1 with via 'cli': executing command 'term width 0' +++
term width 0
Fri May 26 10:14:06.812 UTC
RP/0/RP0/CPU0:sr-pce-1#

2023-05-26 10:11:59,277: %UNICON-INFO: +++ sr-pce-1 with via 'cli': executing command 'show version' +++
show version
Fri May 26 10:14:07.545 UTC
Cisco IOS XR Software, Version 7.7.1
Copyright (c) 2013-2022 by Cisco Systems, Inc.

Build Information:
 Built By     : ingunawa
 Built On     : Mon Jul 25 02:41:45 PDT 2022
 Built Host   : iox-ucs-067
 Workspace    : /auto/srcarchive12/prod/7.7.1/xrv9k/ws
 Version      : 7.7.1
 Location     : /opt/cisco/XR/packages/
 Label        : 7.7.1-0

cisco IOS-XRv 9000 () processor
System uptime is 15 weeks 3 days 23 hours 13 minutes

RP/0/RP0/CPU0:sr-pce-1#
