
2023-05-26 10:04:37,233: %UNICON-INFO: +++ sr-pce-1 logfile /home/cisco/cxta/device_logs/sr-pce-1-20230526T100437221.log +++

2023-05-26 10:04:37,237: %UNICON-INFO: +++ Unicon plugin generic (unicon.plugins.generic) +++
Warning: Permanently added '10.62.157.167' (ECDSA) to the list of known hosts.


2023-05-26 10:04:37,903: %UNICON-INFO: +++ connection to spawn: ssh -l admin 10.62.157.167, id: 140496833434864 +++

2023-05-26 10:04:37,906: %UNICON-INFO: connection to sr-pce-1
(admin@10.62.157.167) Password: 


RP/0/RP0/CPU0:sr-pce-1#

2023-05-26 10:04:39,262: %UNICON-INFO: +++ initializing handle +++

2023-05-26 10:04:39,592: %UNICON-INFO: +++ sr-pce-1 with via 'cli': executing command 'term length 0' +++
term length 0
Fri May 26 10:06:47.849 UTC
RP/0/RP0/CPU0:sr-pce-1#

2023-05-26 10:04:40,242: %UNICON-INFO: +++ sr-pce-1 with via 'cli': executing command 'term width 0' +++
term width 0
Fri May 26 10:06:48.502 UTC
RP/0/RP0/CPU0:sr-pce-1#

2023-05-26 10:04:40,929: %UNICON-INFO: +++ sr-pce-1 with via 'cli': executing command 'show version' +++
show version
Fri May 26 10:06:49.213 UTC
Cisco IOS XR Software, Version 7.7.1
Copyright (c) 2013-2022 by Cisco Systems, Inc.

Build Information:
 Built By     : ingunawa
 Built On     : Mon Jul 25 02:41:45 PDT 2022
 Built Host   : iox-ucs-067
 Workspace    : /auto/srcarchive12/prod/7.7.1/xrv9k/ws
 Version      : 7.7.1
 Location     : /opt/cisco/XR/packages/
 Label        : 7.7.1-0

cisco IOS-XRv 9000 () processor
System uptime is 15 weeks 3 days 23 hours 5 minutes

RP/0/RP0/CPU0:sr-pce-1#
