
2023-05-25 14:34:57,033: %UNICON-INFO: +++ sr-pce-1 logfile /home/cisco/cxta/device_logs/sr-pce-1-20230525T143457022.log +++

2023-05-25 14:34:57,036: %UNICON-INFO: +++ Unicon plugin generic (unicon.plugins.generic) +++
Warning: Permanently added '10.62.157.167' (ECDSA) to the list of known hosts.


2023-05-25 14:34:57,672: %UNICON-INFO: +++ connection to spawn: ssh -l admin 10.62.157.167, id: 139754034501184 +++

2023-05-25 14:34:57,676: %UNICON-INFO: connection to sr-pce-1
(admin@10.62.157.167) Password: 


RP/0/RP0/CPU0:sr-pce-1#

2023-05-25 14:34:58,717: %UNICON-INFO: +++ initializing handle +++

2023-05-25 14:34:59,059: %UNICON-INFO: +++ sr-pce-1 with via 'cli': executing command 'term length 0' +++
term length 0
Thu May 25 14:37:06.831 UTC
RP/0/RP0/CPU0:sr-pce-1#

2023-05-25 14:34:59,942: %UNICON-INFO: +++ sr-pce-1 with via 'cli': executing command 'term width 0' +++
term width 0
Thu May 25 14:37:07.437 UTC
RP/0/RP0/CPU0:sr-pce-1#

2023-05-25 14:35:00,609: %UNICON-INFO: +++ sr-pce-1 with via 'cli': executing command 'show version' +++
show version
Thu May 25 14:37:08.113 UTC
Cisco IOS XR Software, Version 7.7.1
Copyright (c) 2013-2022 by Cisco Systems, Inc.

Build Information:
 Built By     : ingunawa
 Built On     : Mon Jul 25 02:41:45 PDT 2022
 Built Host   : iox-ucs-067
 Workspace    : /auto/srcarchive12/prod/7.7.1/xrv9k/ws
 Version      : 7.7.1
 Location     : /opt/cisco/XR/packages/
 Label        : 7.7.1-0

cisco IOS-XRv 9000 () processor
System uptime is 15 weeks 3 days 3 hours 36 minutes

RP/0/RP0/CPU0:sr-pce-1#
